2024-11-02 12:31:20 -04:00: Worker 71142 started and running on http://localhost:8080
2024-11-02 12:31:20 -04:00: Connected to the database
2024-11-02 12:31:24 -04:00: Worker 71168 started and running on http://localhost:8080
2024-11-02 12:31:24 -04:00: Connected to the database
2024-11-02 12:31:26 -04:00: Worker 71187 started and running on http://localhost:8080
2024-11-02 12:31:27 -04:00: Connected to the database
2024-11-02 12:31:29 -04:00: Worker 71203 started and running on http://localhost:8080
2024-11-02 12:31:29 -04:00: Connected to the database
2024-11-02 12:31:31 -04:00: Worker 71223 started and running on http://localhost:8080
2024-11-02 12:31:31 -04:00: Connected to the database
2024-11-02 12:31:36 -04:00: Worker 71257 started and running on http://localhost:8080
2024-11-02 12:31:36 -04:00: Connected to the database
2024-11-02 12:31:37 -04:00: Worker 71287 started and running on http://localhost:8080
2024-11-02 12:31:38 -04:00: Connected to the database
2024-11-02 12:31:40 -04:00: Worker 71303 started and running on http://localhost:8080
2024-11-02 12:31:40 -04:00: Connected to the database
2024-11-02 12:31:46 -04:00: Worker 71327 started and running on http://localhost:8080
2024-11-02 12:31:46 -04:00: Connected to the database
2024-11-02 12:31:50 -04:00: Worker 71373 started and running on http://localhost:8080
2024-11-02 12:31:50 -04:00: Connected to the database
2024-11-02 12:31:53 -04:00: Worker 71400 started and running on http://localhost:8080
2024-11-02 12:31:54 -04:00: Connected to the database
2024-11-02 12:31:55 -04:00: Worker 71414 started and running on http://localhost:8080
2024-11-02 12:31:56 -04:00: Connected to the database
2024-11-02 12:32:01 -04:00: Worker 71437 started and running on http://localhost:8080
2024-11-02 12:32:01 -04:00: Connected to the database
2024-11-02 12:32:11 -04:00: Worker 71500 started and running on http://localhost:8080
2024-11-02 12:32:11 -04:00: Connected to the database
2024-11-02 12:32:13 -04:00: Worker 71516 started and running on http://localhost:8080
2024-11-02 12:32:13 -04:00: Connected to the database
2024-11-02 12:32:15 -04:00: Worker 71526 started and running on http://localhost:8080
2024-11-02 12:32:16 -04:00: Connected to the database
2024-11-02 12:32:22 -04:00: Worker 71558 started and running on http://localhost:8080
2024-11-02 12:32:22 -04:00: Connected to the database
2024-11-02 12:33:23 -04:00: Worker 71634 started and running on http://localhost:8080
2024-11-02 12:33:23 -04:00: Connected to the database
2024-11-02 12:33:27 -04:00: Worker 71675 started and running on http://localhost:8080
2024-11-02 12:33:27 -04:00: Connected to the database
2024-11-02 12:33:29 -04:00: Worker 71691 started and running on http://localhost:8080
2024-11-02 12:33:29 -04:00: Connected to the database
2024-11-02 12:33:31 -04:00: Worker 71723 started and running on http://localhost:8080
2024-11-02 12:33:32 -04:00: Connected to the database
2024-11-02 12:33:37 -04:00: Worker 71735 started and running on http://localhost:8080
2024-11-02 12:33:37 -04:00: Connected to the database
2024-11-02 12:34:51 -04:00: Worker 71817 started and running on http://localhost:8080
2024-11-02 12:34:51 -04:00: Connected to the database
2024-11-02 12:34:55 -04:00: Worker 71838 started and running on http://localhost:8080
2024-11-02 12:34:55 -04:00: Connected to the database
2024-11-02 12:34:57 -04:00: Worker 71855 started and running on http://localhost:8080
2024-11-02 12:34:58 -04:00: Worker 71866 started and running on http://localhost:8080
2024-11-02 12:34:58 -04:00: Connected to the database
2024-11-02 12:35:03 -04:00: Worker 71886 started and running on http://localhost:8080
2024-11-02 12:35:03 -04:00: Worker 71897 started and running on http://localhost:8080
2024-11-02 12:35:04 -04:00: Connected to the database
2024-11-02 12:35:06 -04:00: Worker 71907 started and running on http://localhost:8080
2024-11-02 12:35:06 -04:00: Connected to the database
2024-11-02 12:35:08 -04:00: Worker 71922 started and running on http://localhost:8080
2024-11-02 12:35:08 -04:00: Connected to the database
2024-11-02 12:35:11 -04:00: Worker 71933 started and running on http://localhost:8080
2024-11-02 12:35:11 -04:00: Connected to the database
2024-11-02 12:35:17 -04:00: Worker 71951 started and running on http://localhost:8080
2024-11-02 12:35:17 -04:00: Connected to the database
2024-11-02 12:36:06 -04:00: Worker 71997 started and running on http://localhost:8080
2024-11-02 12:36:07 -04:00: Connected to the database
2024-11-02 12:36:09 -04:00: Worker 72016 started and running on http://localhost:8080
2024-11-02 12:36:09 -04:00: Connected to the database
2024-11-02 12:36:11 -04:00: Worker 72026 started and running on http://localhost:8080
2024-11-02 12:36:11 -04:00: Connected to the database
2024-11-02 12:36:12 -04:00: Worker 72036 started and running on http://localhost:8080
2024-11-02 12:36:12 -04:00: Connected to the database
2024-11-02 12:36:17 -04:00: Worker 72050 started and running on http://localhost:8080
2024-11-02 12:36:17 -04:00: Connected to the database
2024-11-02 12:37:51 -04:00: Worker 72130 started and running on http://localhost:8080
2024-11-02 12:37:51 -04:00: Connected to the database
2024-11-02 12:37:54 -04:00: Worker 72153 started and running on http://localhost:8080
2024-11-02 12:37:55 -04:00: Connected to the database
2024-11-02 12:37:57 -04:00: Worker 72163 started and running on http://localhost:8080
2024-11-02 12:37:57 -04:00: Connected to the database
2024-11-02 12:38:03 -04:00: Worker 72177 started and running on http://localhost:8080
2024-11-02 12:38:03 -04:00: Connected to the database
2024-11-02 12:39:59 -04:00: Worker 72325 started and running on http://localhost:8080
2024-11-02 12:40:00 -04:00: Connected to the database
2024-11-02 12:40:02 -04:00: Worker 72349 started and running on http://localhost:8080
2024-11-02 12:40:02 -04:00: Connected to the database
2024-11-02 12:40:03 -04:00: Worker 72362 started and running on http://localhost:8080
2024-11-02 12:40:04 -04:00: Connected to the database
2024-11-02 12:40:04 -04:00: Worker 72375 started and running on http://localhost:8080
2024-11-02 12:40:05 -04:00: Connected to the database
2024-11-02 12:40:06 -04:00: Worker 72389 started and running on http://localhost:8080
2024-11-02 12:40:06 -04:00: Connected to the database
2024-11-02 12:40:07 -04:00: Worker 72399 started and running on http://localhost:8080
2024-11-02 12:40:07 -04:00: Connected to the database
2024-11-02 12:40:10 -04:00: Worker 72410 started and running on http://localhost:8080
2024-11-02 12:40:10 -04:00: Connected to the database
2024-11-02 12:40:11 -04:00: Worker 72440 started and running on http://localhost:8080
2024-11-02 12:40:11 -04:00: Connected to the database
2024-11-02 12:40:13 -04:00: Worker 72450 started and running on http://localhost:8080
2024-11-02 12:40:13 -04:00: Connected to the database
2024-11-02 12:40:18 -04:00: Worker 72474 started and running on http://localhost:8080
2024-11-02 12:40:18 -04:00: Connected to the database
2024-11-02 12:40:19 -04:00: Worker 72485 started and running on http://localhost:8080
2024-11-02 12:40:19 -04:00: Connected to the database
2024-11-02 12:40:21 -04:00: Worker 72506 started and running on http://localhost:8080
2024-11-02 12:40:22 -04:00: Connected to the database
2024-11-02 12:40:24 -04:00: Worker 72516 started and running on http://localhost:8080
2024-11-02 12:40:24 -04:00: Connected to the database
2024-11-02 12:40:30 -04:00: Worker 72530 started and running on http://localhost:8080
2024-11-02 12:40:30 -04:00: Connected to the database
2024-11-02 12:40:36 -04:00: Worker 72544 started and running on http://localhost:8080
2024-11-02 12:40:36 -04:00: Connected to the database
2024-11-02 12:40:39 -04:00: Worker 72566 started and running on http://localhost:8080
2024-11-02 12:40:39 -04:00: Connected to the database
2024-11-02 12:40:40 -04:00: Worker 72577 started and running on http://localhost:8080
2024-11-02 12:40:40 -04:00: Connected to the database
2024-11-02 12:40:41 -04:00: Worker 72587 started and running on http://localhost:8080
2024-11-02 12:40:41 -04:00: Connected to the database
2024-11-02 12:40:42 -04:00: Worker 72639 started and running on http://localhost:8080
2024-11-02 12:40:43 -04:00: Connected to the database
2024-11-02 12:40:46 -04:00: Worker 72653 started and running on http://localhost:8080
2024-11-02 12:40:47 -04:00: Connected to the database
2024-11-02 12:40:48 -04:00: Worker 72667 started and running on http://localhost:8080
2024-11-02 12:40:48 -04:00: Connected to the database
2024-11-02 12:40:55 -04:00: Worker 72745 started and running on http://localhost:8080
2024-11-02 12:40:55 -04:00: Connected to the database
2024-11-02 12:41:05 -04:00: Filters: {}
2024-11-02 12:41:05 -04:00: Search type: recent
2024-11-02 12:41:05 -04:00: Blank search
2024-11-02 12:41:09 -04:00: processing job 67632
